<?xml version="1.0" encoding="UTF-8"?>
<robot generator="Robot 2.8.5 (Jython 2.5.3 on java1.8.0_20)" generated="20150130 11:38:15.393">
<suite source="C:\Users\Yi\Documents\GitHub\jsu-mcis-cs310-tictactoe\TicTacToe\acceptance\TicTacToeTests.txt" name="TicTacToeTests" id="s1">
<test name="Win Diagonally as X" id="s1-t1">
<kw type="kw" name="Start New Game">
<doc></doc>
<arguments>
</arguments>
<msg level="FAIL" timestamp="20150130 11:38:15.740">No keyword with name 'Start New Game' found.</msg>
<status endtime="20150130 11:38:15.741" starttime="20150130 11:38:15.738" status="FAIL"></status>
</kw>
<doc></doc>
<tags>
</tags>
<status critical="yes" endtime="20150130 11:38:15.742" starttime="20150130 11:38:15.735" status="FAIL">No keyword with name 'Start New Game' found.</status>
</test>
<test name="Win Horizontally as O" id="s1-t2">
<kw type="kw" name="Start New Game">
<doc></doc>
<arguments>
</arguments>
<msg level="FAIL" timestamp="20150130 11:38:15.751">No keyword with name 'Start New Game' found.</msg>
<status endtime="20150130 11:38:15.752" starttime="20150130 11:38:15.750" status="FAIL"></status>
</kw>
<doc></doc>
<tags>
</tags>
<status critical="yes" endtime="20150130 11:38:15.754" starttime="20150130 11:38:15.746" status="FAIL">No keyword with name 'Start New Game' found.</status>
</test>
<test name="Force a Tie" id="s1-t3">
<kw type="kw" name="Start New Game">
<doc></doc>
<arguments>
</arguments>
<msg level="FAIL" timestamp="20150130 11:38:15.763">No keyword with name 'Start New Game' found.</msg>
<status endtime="20150130 11:38:15.763" starttime="20150130 11:38:15.762" status="FAIL"></status>
</kw>
<doc></doc>
<tags>
</tags>
<status critical="yes" endtime="20150130 11:38:15.764" starttime="20150130 11:38:15.758" status="FAIL">No keyword with name 'Start New Game' found.</status>
</test>
<doc></doc>
<metadata>
</metadata>
<status endtime="20150130 11:38:15.768" starttime="20150130 11:38:15.395" status="FAIL"></status>
</suite>
<statistics>
<total>
<stat pass="0" fail="3">Critical Tests</stat>
<stat pass="0" fail="3">All Tests</stat>
</total>
<tag>
</tag>
<suite>
<stat pass="0" fail="3" name="TicTacToeTests" id="s1">TicTacToeTests</stat>
</suite>
</statistics>
<errors>
</errors>
</robot>
